\BOOKMARK [1][-]{section.1}{Introduction}{}% 1
\BOOKMARK [1][-]{section.2}{Hand Measurements}{}% 2
\BOOKMARK [1][-]{section.3}{Electronics and Hardware}{}% 3
\BOOKMARK [2][-]{subsection.3.1}{Melexis Custom PCB}{section.3}% 4
\BOOKMARK [2][-]{subsection.3.2}{Mainboard}{section.3}% 5
\BOOKMARK [2][-]{subsection.3.3}{Arduino Connection}{section.3}% 6
\BOOKMARK [2][-]{subsection.3.4}{Board Software}{section.3}% 7
\BOOKMARK [1][-]{section.4}{Visualisation Software}{}% 8
\BOOKMARK [2][-]{subsection.4.1}{Core Libraries}{section.4}% 9
\BOOKMARK [3][-]{subsubsection.4.1.1}{LibIGL}{subsection.4.1}% 10
\BOOKMARK [3][-]{subsubsection.4.1.2}{MediaPipe}{subsection.4.1}% 11
\BOOKMARK [2][-]{subsection.4.2}{Dependencies and Installation}{section.4}% 12
\BOOKMARK [3][-]{subsubsection.4.2.1}{LibIGL Dependencies}{subsection.4.2}% 13
\BOOKMARK [3][-]{subsubsection.4.2.2}{MediaPipe Dependencies}{subsection.4.2}% 14
\BOOKMARK [3][-]{subsubsection.4.2.3}{Other Dependencies}{subsection.4.2}% 15
\BOOKMARK [3][-]{subsubsection.4.2.4}{Installation}{subsection.4.2}% 16
\BOOKMARK [3][-]{subsubsection.4.2.5}{Other Considerations}{subsection.4.2}% 17
\BOOKMARK [2][-]{subsection.4.3}{Kinematic model}{section.4}% 18
\BOOKMARK [2][-]{subsection.4.4}{Kinematic Animation}{section.4}% 19
\BOOKMARK [2][-]{subsection.4.5}{Skeletal Animation}{section.4}% 20
\BOOKMARK [2][-]{subsection.4.6}{Face Landmarking}{section.4}% 21
